{
  "RSpec": {
    "coverage": {
      "/Users/gwendolynruiz/turing/1module/projects/futbol/lib/stat_tracker.rb": {
        "lines": [
          1,
          1,
          1,
          1,
          null,
          1,
          1,
          null,
          1,
          30,
          null,
          30,
          30,
          null,
          null,
          1,
          30,
          30,
          90,
          90,
          null,
          30,
          null,
          null,
          null,
          null,
          null,
          null,
          1,
          1,
          null,
          null,
          null,
          1,
          1,
          null,
          null,
          1,
          1,
          null,
          null,
          1,
          1,
          null,
          null,
          1,
          1,
          null,
          null,
          1,
          1,
          null,
          null,
          1,
          1,
          null,
          null,
          1,
          1,
          null,
          null,
          1,
          1,
          null,
          null,
          null,
          null,
          1,
          1,
          null,
          null,
          1,
          1,
          31,
          1,
          null,
          null,
          1,
          1,
          31,
          1,
          null,
          null,
          1,
          1,
          1,
          1,
          70,
          35,
          null,
          null,
          1,
          1,
          1,
          20,
          640,
          null,
          20,
          null,
          null,
          null,
          21,
          1,
          null,
          null,
          1,
          1,
          1,
          1,
          70,
          35,
          null,
          null,
          1,
          1,
          20,
          640,
          20,
          null,
          null,
          null,
          21,
          1,
          null,
          null,
          1,
          1,
          1,
          1,
          70,
          35,
          null,
          null,
          1,
          1,
          20,
          640,
          20,
          null,
          null,
          null,
          21,
          1,
          null,
          null,
          1,
          1,
          1,
          1,
          70,
          35,
          null,
          null,
          1,
          1,
          20,
          640,
          20,
          null,
          null,
          null,
          21,
          1,
          null,
          null,
          null,
          null,
          1,
          3,
          3,
          3,
          210,
          null,
          3,
          null,
          null,
          1,
          3,
          3,
          3,
          90,
          2880,
          90,
          null,
          null,
          null,
          3,
          null,
          null,
          null,
          1,
          350,
          180,
          180,
          180,
          null,
          170,
          170,
          null,
          null
        ]
      },
      "/Users/gwendolynruiz/turing/1module/projects/futbol/lib/game_teams.rb": {
        "lines": [
          1,
          1,
          null,
          1,
          30,
          null,
          null,
          1,
          0,
          null,
          null,
          1,
          0,
          null,
          null,
          1,
          0,
          null,
          null,
          1,
          0,
          null,
          null,
          1,
          0,
          null,
          null,
          1,
          7,
          490,
          null,
          null,
          null
        ]
      },
      "/Users/gwendolynruiz/turing/1module/projects/futbol/lib/games.rb": {
        "lines": [
          1,
          1,
          null,
          1,
          30,
          null,
          null,
          1,
          0,
          null,
          null,
          1,
          42,
          null,
          null,
          1,
          1050,
          null,
          null,
          1,
          7056,
          null,
          null,
          1,
          0,
          null,
          null,
          1,
          0,
          null,
          null,
          1,
          4,
          80,
          null,
          null,
          null,
          1,
          6,
          6,
          120,
          42,
          42,
          78,
          60,
          60,
          18,
          18,
          18,
          null,
          0,
          null,
          null,
          6,
          null,
          null,
          1,
          2,
          2,
          2,
          40,
          40,
          null,
          2,
          4,
          4,
          8,
          null,
          null,
          2,
          null,
          null
        ]
      },
      "/Users/gwendolynruiz/turing/1module/projects/futbol/lib/teams.rb": {
        "lines": [
          1,
          1,
          null,
          1,
          30,
          null,
          null,
          1,
          0,
          0,
          null,
          null,
          null,
          1,
          5610,
          null,
          null,
          1,
          5610,
          null,
          null,
          1,
          1,
          32,
          null,
          null,
          null
        ]
      }
    },
    "timestamp": 1650488474
  }
}
