{
  "RSpec": {
    "coverage": {
      "/Users/wesatt/turing/1module/projects/futbol_dir/futbol/lib/stat_tracker.rb": {
        "lines": [
          1,
          1,
          1,
          1,
          1,
          1,
          1,
          1,
          1,
          null,
          1,
          1,
          1,
          1,
          1,
          1,
          null,
          1,
          50,
          50,
          50,
          null,
          null,
          1,
          50,
          50,
          150,
          6250,
          null,
          50,
          null,
          null
        ]
      },
      "/Users/wesatt/turing/1module/projects/futbol_dir/futbol/lib/game_teams.rb": {
        "lines": [
          1,
          1,
          null,
          1,
          50,
          null,
          null,
          1,
          4331,
          null,
          null,
          1,
          4331,
          null,
          null,
          1,
          14697,
          null,
          null,
          1,
          213,
          null,
          null,
          1,
          71,
          null,
          null
        ]
      },
      "/Users/wesatt/turing/1module/projects/futbol_dir/futbol/lib/games.rb": {
        "lines": [
          1,
          1,
          null,
          1,
          50,
          null,
          null,
          1,
          1911,
          null,
          null,
          1,
          231,
          null,
          null,
          1,
          1953,
          null,
          null,
          1,
          9093,
          null,
          null,
          1,
          21,
          null,
          null,
          1,
          21,
          null,
          null,
          1,
          5,
          100,
          null,
          null,
          null,
          1,
          7,
          7,
          140,
          49,
          49,
          91,
          70,
          70,
          21,
          21,
          21,
          null,
          0,
          null,
          null,
          7,
          null,
          null,
          1,
          4,
          4,
          4,
          80,
          80,
          null,
          4,
          8,
          8,
          16,
          null,
          null,
          4,
          null,
          null
        ]
      },
      "/Users/wesatt/turing/1module/projects/futbol_dir/futbol/lib/teams.rb": {
        "lines": [
          1,
          1,
          null,
          1,
          50,
          null,
          null,
          1,
          27,
          385,
          null,
          null,
          null,
          1,
          5511,
          null,
          null,
          1,
          5511,
          null,
          null
        ]
      },
      "/Users/wesatt/turing/1module/projects/futbol_dir/futbol/lib/gmod.rb": {
        "lines": [
          1,
          null,
          1,
          1,
          1,
          null,
          null,
          1,
          1,
          null,
          null,
          1,
          1,
          null,
          null,
          1,
          1,
          null,
          null,
          1,
          1,
          null,
          null,
          1,
          1,
          null,
          null,
          1,
          1,
          null,
          null,
          1,
          1,
          null,
          null,
          1,
          1,
          20,
          null,
          1,
          0,
          null,
          1,
          4,
          null,
          null,
          1,
          1,
          1,
          1,
          4,
          4,
          null,
          4,
          null,
          null,
          1,
          20,
          null,
          1,
          0,
          null,
          1,
          6,
          null,
          null,
          1,
          1,
          1,
          1,
          6,
          6,
          null,
          6,
          null,
          null,
          1,
          1,
          1,
          1,
          1,
          null,
          1,
          1,
          null,
          1,
          null,
          null,
          1,
          1,
          20,
          null,
          1,
          0,
          null,
          1,
          4,
          null,
          null,
          1,
          1,
          1,
          1,
          4,
          4,
          null,
          4,
          null,
          null,
          1,
          20,
          null,
          1,
          0,
          null,
          1,
          6,
          null,
          null,
          1,
          1,
          1,
          1,
          6,
          6,
          null,
          6,
          null,
          null,
          1,
          1,
          1,
          1,
          1,
          null,
          1,
          1,
          null,
          1,
          null,
          null,
          1,
          4,
          4,
          80,
          60,
          null,
          null,
          4,
          null,
          null
        ]
      },
      "/Users/wesatt/turing/1module/projects/futbol_dir/futbol/lib/gtmod.rb": {
        "lines": [
          1,
          null,
          1,
          1,
          1,
          1,
          70,
          3,
          null,
          null,
          1,
          null,
          null,
          1,
          1,
          70,
          null,
          1,
          1,
          15,
          null,
          1,
          30,
          null,
          1,
          1,
          13,
          13,
          30,
          14,
          null,
          30,
          null,
          null,
          1,
          13,
          null,
          1,
          null,
          null,
          1,
          1,
          70,
          null,
          1,
          1,
          15,
          null,
          1,
          30,
          null,
          1,
          1,
          13,
          13,
          30,
          14,
          null,
          30,
          null,
          null,
          1,
          13,
          null,
          1,
          null,
          null,
          1,
          1,
          1,
          1,
          70,
          6,
          2,
          null,
          6,
          null,
          null,
          1,
          null,
          null,
          1,
          1,
          1,
          70,
          3,
          null,
          null,
          1,
          null,
          null
        ]
      },
      "/Users/wesatt/turing/1module/projects/futbol_dir/futbol/lib/tmod.rb": {
        "lines": [
          1,
          null,
          1,
          1,
          1,
          32,
          null,
          1,
          1,
          1,
          1,
          1,
          1,
          1,
          1,
          null,
          null,
          1,
          1,
          null,
          null,
          1,
          1,
          1,
          null,
          32,
          null,
          1,
          1,
          20,
          6,
          null,
          null,
          1,
          6,
          420,
          6,
          0,
          null,
          6,
          null,
          null,
          null,
          1,
          31,
          28,
          null,
          3,
          null,
          null,
          1,
          1,
          31,
          null,
          1,
          null,
          null,
          1,
          1,
          1,
          null,
          32,
          null,
          1,
          1,
          20,
          6,
          null,
          null,
          1,
          6,
          420,
          6,
          0,
          null,
          6,
          null,
          null,
          null,
          1,
          31,
          28,
          null,
          3,
          null,
          null,
          1,
          1,
          31,
          null,
          1,
          null,
          null
        ]
      },
      "/Users/wesatt/turing/1module/projects/futbol_dir/futbol/lib/mixmod.rb": {
        "lines": [
          1,
          null,
          1,
          1,
          1,
          1,
          1,
          70,
          40,
          40,
          40,
          null,
          30,
          30,
          null,
          null,
          null,
          1,
          1,
          30,
          960,
          30,
          null,
          null,
          null,
          31,
          1,
          null,
          null,
          1,
          1,
          1,
          1,
          70,
          40,
          40,
          40,
          null,
          30,
          30,
          null,
          null,
          1,
          1,
          30,
          960,
          30,
          null,
          null,
          null,
          31,
          1,
          null,
          null,
          1,
          1,
          1,
          1,
          70,
          35,
          15,
          15,
          15,
          null,
          20,
          20,
          null,
          null,
          null,
          1,
          1,
          20,
          640,
          20,
          null,
          null,
          null,
          21,
          1,
          null,
          null,
          1,
          1,
          1,
          1,
          70,
          35,
          15,
          15,
          15,
          null,
          20,
          20,
          null,
          null,
          null,
          1,
          1,
          20,
          640,
          20,
          null,
          null,
          null,
          21,
          1,
          null,
          null,
          1,
          1,
          1,
          1,
          70,
          35,
          15,
          15,
          15,
          null,
          20,
          20,
          null,
          null,
          null,
          1,
          1,
          20,
          640,
          20,
          null,
          null,
          null,
          21,
          1,
          null,
          null,
          1,
          1,
          1,
          1,
          70,
          35,
          15,
          15,
          15,
          null,
          20,
          20,
          null,
          null,
          null,
          1,
          1,
          20,
          640,
          20,
          null,
          null,
          null,
          21,
          1,
          null,
          null,
          1,
          1,
          1,
          20,
          15,
          null,
          null,
          1,
          1,
          70,
          30,
          17,
          17,
          null,
          13,
          13,
          13,
          null,
          null,
          null,
          1,
          1,
          13,
          416,
          13,
          13,
          null,
          null,
          null,
          14,
          1,
          null,
          null,
          1,
          1,
          1,
          20,
          15,
          null,
          null,
          1,
          1,
          70,
          30,
          17,
          17,
          null,
          13,
          13,
          13,
          null,
          null,
          null,
          1,
          1,
          13,
          416,
          13,
          13,
          null,
          null,
          null,
          14,
          1,
          null,
          null,
          1,
          1,
          70,
          null,
          1,
          1,
          15,
          null,
          1,
          30,
          null,
          1,
          1,
          13,
          13,
          13,
          30,
          null,
          null,
          14,
          1,
          null,
          null,
          1,
          1,
          70,
          null,
          1,
          1,
          15,
          null,
          1,
          30,
          null,
          1,
          1,
          13,
          13,
          13,
          30,
          null,
          null,
          14,
          1,
          null,
          null
        ]
      },
      "/Users/wesatt/turing/1module/projects/futbol_dir/futbol/spec/games_spec.rb": {
        "lines": [
          1,
          1,
          1,
          1,
          1,
          1,
          1,
          1,
          1,
          null,
          1,
          1,
          10,
          10,
          10,
          null,
          null,
          10,
          null,
          null,
          null,
          null,
          10,
          null,
          null,
          1,
          1,
          null,
          null,
          1,
          1,
          null,
          null,
          null,
          null,
          null,
          null,
          null,
          null,
          null,
          null,
          null,
          null,
          null,
          null,
          null,
          null,
          null,
          null,
          null,
          1,
          null,
          null,
          1,
          1,
          null,
          null,
          null,
          null,
          null,
          null,
          null,
          null,
          null,
          null,
          null,
          null,
          null,
          null,
          null,
          null,
          null,
          null,
          null,
          1,
          null,
          null,
          1,
          1,
          null,
          1,
          null,
          null,
          1,
          1,
          null,
          1,
          null,
          null,
          1,
          1,
          null,
          1,
          null,
          null,
          1,
          1,
          null,
          1,
          null,
          null,
          1,
          1,
          1,
          null,
          null,
          1,
          1,
          null,
          null,
          null,
          null,
          null,
          1,
          null,
          null,
          1,
          1,
          null,
          null,
          null,
          null,
          1,
          null,
          null,
          null,
          null,
          1,
          1,
          null,
          null
        ]
      },
      "/Users/wesatt/turing/1module/projects/futbol_dir/futbol/spec/stat_tracker_spec.rb": {
        "lines": [
          1,
          1,
          1,
          1,
          1,
          1,
          1,
          1,
          1,
          null,
          1,
          1,
          30,
          30,
          30,
          null,
          null,
          30,
          null,
          null,
          null,
          null,
          30,
          null,
          null,
          1,
          1,
          null,
          null,
          null,
          1,
          1,
          null,
          null,
          1,
          1,
          null,
          null,
          1,
          1,
          null,
          null,
          1,
          1,
          null,
          null,
          1,
          1,
          null,
          null,
          1,
          1,
          null,
          null,
          null,
          1,
          null,
          null,
          1,
          1,
          null,
          null,
          1,
          1,
          null,
          null,
          null,
          1,
          null,
          null,
          null,
          null,
          1,
          1,
          null,
          null,
          1,
          1,
          null,
          null,
          1,
          1,
          null,
          null,
          1,
          1,
          null,
          null,
          1,
          1,
          null,
          null,
          1,
          1,
          null,
          null,
          1,
          1,
          null,
          null,
          null,
          null,
          1,
          1,
          null,
          null,
          1,
          1,
          null,
          null,
          1,
          1,
          null,
          null,
          1,
          1,
          null,
          null,
          1,
          1,
          null,
          null,
          1,
          1,
          null,
          null,
          null,
          null,
          1,
          null,
          1,
          null,
          null,
          null,
          null,
          null,
          null,
          1,
          null,
          null,
          1,
          1,
          null,
          null,
          1,
          1,
          null,
          null,
          1,
          1,
          null,
          null,
          1,
          1,
          null,
          null,
          1,
          1,
          null,
          null,
          1,
          1,
          null,
          null,
          1,
          1,
          null,
          null,
          null
        ]
      },
      "/Users/wesatt/turing/1module/projects/futbol_dir/futbol/spec/teams_spec.rb": {
        "lines": [
          1,
          1,
          1,
          1,
          1,
          1,
          1,
          1,
          1,
          null,
          1,
          1,
          4,
          4,
          4,
          null,
          null,
          4,
          null,
          null,
          null,
          null,
          4,
          null,
          null,
          1,
          1,
          null,
          null,
          1,
          1,
          null,
          null,
          1,
          1,
          1,
          null,
          null,
          1,
          1,
          null,
          1,
          null,
          null
        ]
      }
    },
    "timestamp": 1650512352
  }
}
